[debug] [2022-07-01T06:24:25.918Z] ----------------------------------------------------------------------
[debug] [2022-07-01T06:24:25.921Z] Command:       C:\Program Files\nodejs\node.exe C:\Users\User\AppData\Roaming\npm\node_modules\firebase-tools\lib\bin\firebase.js init
[debug] [2022-07-01T06:24:25.922Z] CLI Version:   11.2.0
[debug] [2022-07-01T06:24:25.922Z] Platform:      win32
[debug] [2022-07-01T06:24:25.922Z] Node Version:  v16.13.0
[debug] [2022-07-01T06:24:25.923Z] Time:          Fri Jul 01 2022 14:24:25 GMT+0800 (Malaysia Time)
[debug] [2022-07-01T06:24:25.924Z] ----------------------------------------------------------------------
[debug] 
[debug] [2022-07-01T06:24:25.929Z] >>> [apiv2][query] GET https://firebase-public.firebaseio.com/cli.json [none]
[debug] [2022-07-01T06:24:25.964Z] > command requires scopes: ["email","openid","https://www.googleapis.com/auth/cloudplatformprojects.readonly","https://www.googleapis.com/auth/firebase","https://www.googleapis.com/auth/cloud-platform"]
[debug] [2022-07-01T06:24:25.965Z] > authorizing via signed-in user (nurarinaizzati25@gmail.com)
[info] 
     ######## #### ########  ######## ########     ###     ######  ########
     ##        ##  ##     ## ##       ##     ##  ##   ##  ##       ##
     ######    ##  ########  ######   ########  #########  ######  ######
     ##        ##  ##    ##  ##       ##     ## ##     ##       ## ##
     ##       #### ##     ## ######## ########  ##     ##  ######  ########

You're about to initialize a Firebase project in this directory:

  C:\Users\User\epa-admin

[debug] [2022-07-01T06:24:26.818Z] <<< [apiv2][status] GET https://firebase-public.firebaseio.com/cli.json 200
[debug] [2022-07-01T06:24:26.818Z] <<< [apiv2][body] GET https://firebase-public.firebaseio.com/cli.json {"cloudBuildErrorAfter":1594252800000,"cloudBuildWarnAfter":1590019200000,"defaultNode10After":1594252800000,"minVersion":"3.0.5","node8DeploysDisabledAfter":1613390400000,"node8RuntimeDisabledAfter":1615809600000,"node8WarnAfter":1600128000000}
[debug] [2022-07-01T06:27:22.822Z] Error: kill ENOSYS
    at process.kill (node:internal/process/per_thread:215:13)
    at process.listener (C:\Users\User\AppData\Roaming\npm\node_modules\firebase-tools\node_modules\signal-exit\index.js:95:15)
    at process.emit (node:events:390:28)
[error] 
[error] Error: An unexpected error has occurred.
